<?xml version="1.0" encoding="UTF-8"?>
<testsuite name="com.forge.presentation.navigation.NavigationFlowTest" tests="9" skipped="0" failures="0" errors="0" timestamp="2026-09-20T11:57:22" hostname="GAasishs-MacBook-Pro.local" time="20.318">
  <properties/>
  <testcase name="home_after_completing_a_workout_navigates_cleanly_to_home" classname="com.forge.presentation.navigation.NavigationFlowTest" time="13.766"/>
  <testcase name="home_while_active_workout_exists_allows_navigation_to_and_from_active_session" classname="com.forge.presentation.navigation.NavigationFlowTest" time="0.996"/>
  <testcase name="home_after_discarding_a_workout_navigates_cleanly_to_home" classname="com.forge.presentation.navigation.NavigationFlowTest" time="1.296"/>
  <testcase name="home_to_workouts_and_back_to_home" classname="com.forge.presentation.navigation.NavigationFlowTest" time="0.785"/>
  <testcase name="home_to_profile_and_back_to_home" classname="com.forge.presentation.navigation.NavigationFlowTest" time="0.752"/>
  <testcase name="app_starts_at_home_destination" classname="com.forge.presentation.navigation.NavigationFlowTest" time="0.405"/>
  <testcase name="home_to_journey_and_back_to_home" classname="com.forge.presentation.navigation.NavigationFlowTest" time="0.673"/>
  <testcase name="home_to_progress_and_back_to_home" classname="com.forge.presentation.navigation.NavigationFlowTest" time="1.208"/>
  <testcase name="home_to_home_reselection_maintains_home_at_root" classname="com.forge.presentation.navigation.NavigationFlowTest" time="0.434"/>
  <system-out><![CDATA[]]></system-out>
  <system-err><![CDATA[]]></system-err>
</testsuite>
