<?xml version="1.0" encoding="UTF-8"?>
<testsuite name="com.forge.domain.engine.TransformationVaultTest" tests="2" skipped="0" failures="0" errors="0" timestamp="2026-09-20T18:07:57" hostname="GAasishs-MacBook-Pro.local" time="0.199">
  <properties/>
  <testcase name="testMilestoneCalculationAnchoredToUserStartDate" classname="com.forge.domain.engine.TransformationVaultTest" time="0.004"/>
  <testcase name="testSaltedPasswordVerification" classname="com.forge.domain.engine.TransformationVaultTest" time="0.195"/>
  <system-out><![CDATA[]]></system-out>
  <system-err><![CDATA[]]></system-err>
</testsuite>
