<?xml version="1.0" encoding="UTF-8"?>
<testsuite name="com.forge.domain.engine.TrainingStreakEngineTest" tests="2" skipped="0" failures="0" errors="0" timestamp="2026-09-20T18:07:57" hostname="GAasishs-MacBook-Pro.local" time="0.004">
  <properties/>
  <testcase name="testRestDaysDoNotBreakStreak" classname="com.forge.domain.engine.TrainingStreakEngineTest" time="0.003"/>
  <testcase name="testMissedTrainingDayBreaksStreak" classname="com.forge.domain.engine.TrainingStreakEngineTest" time="0.001"/>
  <system-out><![CDATA[]]></system-out>
  <system-err><![CDATA[]]></system-err>
</testsuite>
