<?xml version="1.0" encoding="UTF-8"?>
<testsuite name="com.forge.domain.state.ProductStateTransitionTest" tests="4" skipped="0" failures="0" errors="0" timestamp="2026-09-20T18:07:57" hostname="GAasishs-MacBook-Pro.local" time="0.016">
  <properties/>
  <testcase name="testCoreLifecycleTransitionPath" classname="com.forge.domain.state.ProductStateTransitionTest" time="0.008"/>
  <testcase name="testNoDeadEndGuarantee" classname="com.forge.domain.state.ProductStateTransitionTest" time="0.007"/>
  <testcase name="testRestDayTransitionPath" classname="com.forge.domain.state.ProductStateTransitionTest" time="0.0"/>
  <testcase name="testUpcomingSessionEditSavePath" classname="com.forge.domain.state.ProductStateTransitionTest" time="0.0"/>
  <system-out><![CDATA[]]></system-out>
  <system-err><![CDATA[]]></system-err>
</testsuite>
