<?xml version="1.0" encoding="UTF-8"?>
<testsuite name="com.forge.data.local.TransactionalCrashRecoveryTest" tests="1" skipped="0" failures="0" errors="0" timestamp="2026-09-20T18:07:57" hostname="GAasishs-MacBook-Pro.local" time="0.099">
  <properties/>
  <testcase name="activeSession_transactionalSetLogging_survivesAndReconstructsAccurately" classname="com.forge.data.local.TransactionalCrashRecoveryTest" time="0.099"/>
  <system-out><![CDATA[]]></system-out>
  <system-err><![CDATA[]]></system-err>
</testsuite>
