<?xml version="1.0" encoding="UTF-8"?>
<testsuite name="com.forge.domain.engine.ConversationContextResolverTest" tests="4" skipped="0" failures="0" errors="0" timestamp="2026-09-20T18:07:57" hostname="GAasishs-MacBook-Pro.local" time="0.007">
  <properties/>
  <testcase name="resolveDayOfWeek_ambiguousPronoun_usesLastReferencedContext" classname="com.forge.domain.engine.ConversationContextResolverTest" time="0.002"/>
  <testcase name="resolveDayOfWeek_explicitDayName_returnsCorrectInt" classname="com.forge.domain.engine.ConversationContextResolverTest" time="0.0"/>
  <testcase name="resolveDate_relativeWords_resolvesCorrectLocalDate" classname="com.forge.domain.engine.ConversationContextResolverTest" time="0.001"/>
  <testcase name="resolveDayOfWeek_relativeTerms_resolvesAgainstToday" classname="com.forge.domain.engine.ConversationContextResolverTest" time="0.004"/>
  <system-out><![CDATA[]]></system-out>
  <system-err><![CDATA[]]></system-err>
</testsuite>
