<?xml version="1.0" encoding="UTF-8"?>
<testsuite name="com.forge.data.local.DatabaseMigrationTest" tests="6" skipped="0" failures="0" errors="0" timestamp="2026-09-20T18:07:39" hostname="GAasishs-MacBook-Pro.local" time="15.192">
  <properties/>
  <testcase name="migration_1_to_2_executesSqlWithoutError" classname="com.forge.data.local.DatabaseMigrationTest" time="14.119"/>
  <testcase name="migration_4_to_5_createsUserProfileWithBodyTelemetry_andAllEntities" classname="com.forge.data.local.DatabaseMigrationTest" time="0.377"/>
  <testcase name="migration_5_to_6_addsMissingBodyTelemetryColumnsToUserProfile" classname="com.forge.data.local.DatabaseMigrationTest" time="0.179"/>
  <testcase name="database_buildsWithAllMigrationsConfigured" classname="com.forge.data.local.DatabaseMigrationTest" time="0.198"/>
  <testcase name="database_allMigrations_arrayIsValid" classname="com.forge.data.local.DatabaseMigrationTest" time="0.082"/>
  <testcase name="migration_2_to_3_preservesWorkoutData_andCreatesRelationalSchema" classname="com.forge.data.local.DatabaseMigrationTest" time="0.228"/>
  <system-out><![CDATA[]]></system-out>
  <system-err><![CDATA[]]></system-err>
</testsuite>
