<?xml version="1.0" encoding="UTF-8"?>
<testsuite name="com.forge.domain.engine.WorkoutTextParserTest" tests="3" skipped="0" failures="0" errors="0" timestamp="2026-09-20T18:07:57" hostname="GAasishs-MacBook-Pro.local" time="0.011">
  <properties/>
  <testcase name="testFullExerciseSetWeightRirRpeParsing" classname="com.forge.domain.engine.WorkoutTextParserTest" time="0.009"/>
  <testcase name="testZeroWeightInventionRule" classname="com.forge.domain.engine.WorkoutTextParserTest" time="0.001"/>
  <testcase name="testWarmupAndDropsetParsing" classname="com.forge.domain.engine.WorkoutTextParserTest" time="0.001"/>
  <system-out><![CDATA[]]></system-out>
  <system-err><![CDATA[]]></system-err>
</testsuite>
